<?xml version="1.0" encoding="UTF-8"?>
<!-- Generated by org.testng.reporters.JUnitXMLReporter -->
<testsuite hostname="YLMF-1711181457" name="Flat Interface" tests="4" failures="3" timestamp="7 Nov 2018 09:05:48 GMT" time="0.257" errors="0">
  <testcase name="getMachineData" time="0.118" classname="com.mjitech.qa.test.GetMachineData">
    <failure type="net.sf.json.JSONException" message="null object">
      <![CDATA[net.sf.json.JSONException: null object
	at net.sf.json.JSONObject.verifyIsNull(JSONObject.java:2744)
	at net.sf.json.JSONObject.getString(JSONObject.java:2087)
	at com.mjitech.qa.test.GetMachineData.getMachineData(GetMachineData.java:27)
... Removed 24 stack frames]]>
    </failure>
  </testcase> <!-- getMachineData -->
  <testcase name="list_fault" time="0.042" classname="com.mjitech.qa.test.ListFault">
    <failure type="net.sf.json.JSONException" message="null object">
      <![CDATA[net.sf.json.JSONException: null object
	at net.sf.json.JSONObject.verifyIsNull(JSONObject.java:2744)
	at net.sf.json.JSONObject.getString(JSONObject.java:2087)
	at com.mjitech.qa.test.ListFault.list_fault(ListFault.java:27)
... Removed 24 stack frames]]>
    </failure>
  </testcase> <!-- list_fault -->
  <testcase name="update_close_door" time="0.05" classname="com.mjitech.qa.test.UpdateDoorClose">
    <failure type="net.sf.json.JSONException" message="JSONObject[&amp;quot;is_succ&amp;quot;] not found.">
      <![CDATA[net.sf.json.JSONException: JSONObject["is_succ"] not found.
	at net.sf.json.JSONObject.getString(JSONObject.java:2092)
	at com.mjitech.qa.test.UpdateDoorClose.update_close_door(UpdateDoorClose.java:28)
... Removed 24 stack frames]]>
    </failure>
  </testcase> <!-- update_close_door -->
  <testcase name="fault" time="0.037" classname="com.mjitech.qa.test.UploadImageList"/>
</testsuite> <!-- Flat Interface -->
