<?xml version="1.0" encoding="UTF-8"?>
<!-- Generated by org.testng.reporters.JUnitXMLReporter -->
<testsuite hostname="YLMF-1711181457" name="mobile-micoo prgoram-login" tests="6" failures="0" timestamp="7 Nov 2018 09:05:48 GMT" time="0.881" errors="0">
  <testcase name="VaildateLoginNameByDabao" time="0.005" classname="com.mjitech.qa.test.VaildateLoginName">
    <skipped/>
  </testcase> <!-- VaildateLoginNameByDabao -->
  <testcase name="login" time="0.65" classname="com.mjitech.qa.test.Login"/>
  <testcase name="login" time="0.059" classname="com.mjitech.qa.test.Login"/>
  <testcase name="login" time="0.044" classname="com.mjitech.qa.test.Login"/>
  <testcase name="login" time="0.047" classname="com.mjitech.qa.test.Login"/>
  <testcase name="login" time="0.031" classname="com.mjitech.qa.test.Login"/>
</testsuite> <!-- mobile-micoo prgoram-login -->
