<?xml version="1.0" encoding="UTF-8"?>
<!-- Generated by org.testng.reporters.JUnitXMLReporter -->
<testsuite hostname="YLMF-1711181457" name="平板需求相关接口" tests="3" failures="0" timestamp="31 Jul 2018 03:33:04 GMT" time="0.709" errors="0">
  <testcase name="getMachineData" time="0.559" classname="com.mjitech.qa.test.GetMachineData"/>
  <testcase name="list_fault" time="0.076" classname="com.mjitech.qa.test.ListFault"/>
  <testcase name="update_close_door" time="0.057" classname="com.mjitech.qa.test.UpdateDoorClose"/>
</testsuite> <!-- 平板需求相关接口 -->
