<?xml version="1.0" encoding="UTF-8"?>
<!-- Generated by org.testng.reporters.JUnitXMLReporter -->
<testsuite hostname="YLMF-1711181457" name="手机端-小程序-账户登录" tests="6" failures="0" timestamp="7 Jun 2018 01:58:56 GMT" time="2.091" errors="0">
  <testcase name="VaildateLoginNameByDabao" time="0.002" classname="com.mjitech.qa.test.VaildateLoginName">
    <skipped/>
  </testcase> <!-- VaildateLoginNameByDabao -->
  <testcase name="login" time="1.932" classname="com.mjitech.qa.test.Login"/>
  <testcase name="login" time="0.037" classname="com.mjitech.qa.test.Login"/>
  <testcase name="login" time="0.031" classname="com.mjitech.qa.test.Login"/>
  <testcase name="login" time="0.032" classname="com.mjitech.qa.test.Login"/>
  <testcase name="login" time="0.035" classname="com.mjitech.qa.test.Login"/>
</testsuite> <!-- 手机端-小程序-账户登录 -->
