<?xml version="1.0" encoding="UTF-8"?>
<testng-results skipped="0" failed="0" ignored="0" total="6" passed="6">
  <reporter-output>
  </reporter-output>
  <suite name="Default suite" duration-ms="27601" started-at="2019-03-13T05:30:21Z" finished-at="2019-03-13T05:30:49Z">
    <groups>
    </groups>
    <test name="Default test" duration-ms="27601" started-at="2019-03-13T05:30:21Z" finished-at="2019-03-13T05:30:49Z">
      <class name="com.mjitech.qa.test.AddSkuToCart">
        <test-method status="PASS" signature="beforerMethod()[pri:0, instance:com.mjitech.qa.test.AddSkuToCart@28ac3dc3]" name="beforerMethod" is-config="true" duration-ms="704" started-at="2019-03-13T05:30:21Z" finished-at="2019-03-13T05:30:22Z">
          <reporter-output>
          </reporter-output>
        </test-method> <!-- beforerMethod -->
        <test-method status="PASS" signature="add_sku_to_cart()[pri:0, instance:com.mjitech.qa.test.AddSkuToCart@28ac3dc3]" name="add_sku_to_cart" duration-ms="25523" started-at="2019-03-13T05:30:22Z" finished-at="2019-03-13T05:30:48Z">
          <reporter-output>
          </reporter-output>
        </test-method> <!-- add_sku_to_cart -->
        <test-method status="PASS" signature="submitCart()[pri:0, instance:com.mjitech.qa.test.AddSkuToCart@28ac3dc3]" name="submitCart" duration-ms="367" started-at="2019-03-13T05:30:48Z" depends-on-methods="com.mjitech.qa.test.AddSkuToCart.add_sku_to_cart" finished-at="2019-03-13T05:30:48Z">
          <reporter-output>
          </reporter-output>
        </test-method> <!-- submitCart -->
        <test-method status="PASS" signature="getPayUrl()[pri:0, instance:com.mjitech.qa.test.AddSkuToCart@28ac3dc3]" name="getPayUrl" duration-ms="557" started-at="2019-03-13T05:30:48Z" depends-on-methods="com.mjitech.qa.test.AddSkuToCart.submitCart" finished-at="2019-03-13T05:30:49Z">
          <reporter-output>
          </reporter-output>
        </test-method> <!-- getPayUrl -->
        <test-method status="PASS" signature="wxpay_callback_test()[pri:0, instance:com.mjitech.qa.test.AddSkuToCart@28ac3dc3]" name="wxpay_callback_test" duration-ms="102" started-at="2019-03-13T05:30:49Z" depends-on-methods="com.mjitech.qa.test.AddSkuToCart.getPayUrl" finished-at="2019-03-13T05:30:49Z">
          <reporter-output>
          </reporter-output>
        </test-method> <!-- wxpay_callback_test -->
        <test-method status="PASS" signature="get_order_detail()[pri:0, instance:com.mjitech.qa.test.AddSkuToCart@28ac3dc3]" name="get_order_detail" duration-ms="98" started-at="2019-03-13T05:30:49Z" depends-on-methods="com.mjitech.qa.test.AddSkuToCart.wxpay_callback_test" finished-at="2019-03-13T05:30:49Z">
          <reporter-output>
          </reporter-output>
        </test-method> <!-- get_order_detail -->
        <test-method status="PASS" signature="get_order_detail_by_takingnumber()[pri:0, instance:com.mjitech.qa.test.AddSkuToCart@28ac3dc3]" name="get_order_detail_by_takingnumber" duration-ms="196" started-at="2019-03-13T05:30:49Z" depends-on-methods="com.mjitech.qa.test.AddSkuToCart.get_order_detail" finished-at="2019-03-13T05:30:49Z">
          <reporter-output>
          </reporter-output>
        </test-method> <!-- get_order_detail_by_takingnumber -->
      </class> <!-- com.mjitech.qa.test.AddSkuToCart -->
    </test> <!-- Default test -->
  </suite> <!-- Default suite -->
</testng-results>
